#-----------------------------------------------------------
# Vivado v2018.3 (64-bit)
# SW Build 2405991 on Thu Dec  6 23:38:27 MST 2018
# IP Build 2404404 on Fri Dec  7 01:43:56 MST 2018
# Start of session at: Tue Oct 29 15:14:38 2019
# Process ID: 15816
# Current directory: C:/Users/Stefan/Desktop/332CC/project_2
# Command line: vivado.exe -gui_launcher_event rodinguilauncherevent14836 C:\Users\Stefan\Desktop\332CC\project_2\project_2.xpr
# Log file: C:/Users/Stefan/Desktop/332CC/project_2/vivado.log
# Journal file: C:/Users/Stefan/Desktop/332CC/project_2\vivado.jou
#-----------------------------------------------------------
start_gui
open_project C:/Users/Stefan/Desktop/332CC/project_2/project_2.xpr
Scanning sources...
Finished scanning sources
INFO: [IP_Flow 19-234] Refreshing IP repositories
INFO: [IP_Flow 19-1704] No user IP repositories specified
INFO: [IP_Flow 19-2313] Loaded Vivado IP repository 'D:/Programs/Xilinx/Vivado/2018.3/data/ip'.
open_project: Time (s): cpu = 00:00:13 ; elapsed = 00:00:05 . Memory (MB): peak = 685.254 ; gain = 68.344
update_compile_order -fileset sources_1
exit
INFO: [Common 17-206] Exiting Vivado at Tue Oct 29 15:32:17 2019...
