Vivado Simulator 2019.1
Copyright 1986-1999, 2001-2019 Xilinx, Inc. All Rights Reserved.
Running: C:/Xilinx/Vivado/2019.1/bin/unwrapped/win64.o/xelab.exe -wto 77942afd2ccd4efbb0fa6cad312e1354 --incr --debug typical --relax --mt 2 -L xil_defaultlib -L unisims_ver -L unimacro_ver -L secureip --snapshot Sim_behav xil_defaultlib.Sim xil_defaultlib.glbl -log elaborate.log 
Using 2 slave threads.
Starting static elaboration
Completed static elaboration
Starting simulation data flow analysis
Completed simulation data flow analysis
Time Resolution for simulation is 1ps
Compiling module xil_defaultlib.ParsareNumere
Compiling module xil_defaultlib.RegExp16
Compiling module xil_defaultlib.RegMant48
Compiling module xil_defaultlib.ComparaExponenti
Compiling module xil_defaultlib.Concatenare
Compiling module xil_defaultlib.RegMant57
Compiling module xil_defaultlib.AlegeExponent
Compiling module xil_defaultlib.AliniereMantise
Compiling module xil_defaultlib.RegExp8
Compiling module xil_defaultlib.AdunaMantise
Compiling module xil_defaultlib.RegMant26
Compiling module xil_defaultlib.Normalizare
Compiling module xil_defaultlib.AjustareExponent
Compiling module xil_defaultlib.RegMant24
Compiling module xil_defaultlib.Pipeline
Compiling module xil_defaultlib.Sim
Compiling module xil_defaultlib.glbl
Built simulation snapshot Sim_behav
